AndroidCloudMusicPlayer/build/outputs/logs/manifest-merger-release-report.txt
-- Merging decision tree log ---
manifest
ADDED from Android Player - studio\AndroidCloudMusicPlayer\AndroidManifest.xml:2:1-64:12
	xmlns:android
		ADDED from Android Player - studio\AndroidCloudMusicPlayer\AndroidManifest.xml:2:11-69
	package
		ADDED from Android Player - studio\AndroidCloudMusicPlayer\AndroidManifest.xml:3:5-45
	android:versionName
		ADDED from Android Player - studio\AndroidCloudMusicPlayer\AndroidManifest.xml:5:5-32
		INJECTED from Android Player - studio\AndroidCloudMusicPlayer\AndroidManifest.xml
		INJECTED from Android Player - studio\AndroidCloudMusicPlayer\AndroidManifest.xml
	android:versionCode
		ADDED from Android Player - studio\AndroidCloudMusicPlayer\AndroidManifest.xml:4:5-35
		INJECTED from Android Player - studio\AndroidCloudMusicPlayer\AndroidManifest.xml
		INJECTED from Android Player - studio\AndroidCloudMusicPlayer\AndroidManifest.xml
uses-sdk
ADDED from Android Player - studio\AndroidCloudMusicPlayer\AndroidManifest.xml:7:5-9:41
MERGED from [com.android.support:multidex:1.0.1] AndroidManifest.xml:18:5-42
MERGED from [Android Player - studio:DBPullToRefresh:unspecified] AndroidManifest.xml:7:5-43
MERGED from [com.android.support:appcompat-v7:23.1.1] AndroidManifest.xml:20:5-43
MERGED from [com.android.support:support-v4:23.1.1] AndroidManifest.xml:20:5-43
MERGED from [com.android.support:recyclerview-v7:23.1.1] AndroidManifest.xml:20:5-43
MERGED from [com.android.support:support-v4:23.1.1] AndroidManifest.xml:20:5-43
MERGED from [com.android.support:cardview-v7:23.1.1] AndroidManifest.xml:20:5-43
MERGED from [com.android.support:palette-v7:23.1.1] AndroidManifest.xml:20:5-43
MERGED from [com.android.support:support-v4:23.1.1] AndroidManifest.xml:20:5-43
MERGED from [com.android.support:design:23.1.1] AndroidManifest.xml:20:5-43
MERGED from [com.android.support:appcompat-v7:23.1.1] AndroidManifest.xml:20:5-43
MERGED from [com.android.support:support-v4:23.1.1] AndroidManifest.xml:20:5-43
MERGED from [com.android.support:recyclerview-v7:23.1.1] AndroidManifest.xml:20:5-43
MERGED from [com.android.support:support-v4:23.1.1] AndroidManifest.xml:20:5-43
MERGED from [com.android.support:support-v4:23.1.1] AndroidManifest.xml:20:5-43
MERGED from [com.android.support:percent:23.1.0] AndroidManifest.xml:20:5-43
MERGED from [com.android.support:support-v4:23.1.1] AndroidManifest.xml:20:5-43
MERGED from [com.google.android.gms:play-services-ads:8.4.0] AndroidManifest.xml:23:5-42
MERGED from [com.google.android.gms:play-services-basement:8.4.0] AndroidManifest.xml:18:5-42
MERGED from [com.android.support:support-v4:23.1.1] AndroidManifest.xml:20:5-43
MERGED from [com.google.android.gms:play-services-ads:8.4.0] AndroidManifest.xml:23:5-42
MERGED from [com.google.android.gms:play-services-basement:8.4.0] AndroidManifest.xml:18:5-42
MERGED from [com.android.support:support-v4:23.1.1] AndroidManifest.xml:20:5-43
	android:targetSdkVersion
		ADDED from Android Player - studio\AndroidCloudMusicPlayer\AndroidManifest.xml:9:9-38
		INJECTED from Android Player - studio\AndroidCloudMusicPlayer\AndroidManifest.xml
		INJECTED from Android Player - studio\AndroidCloudMusicPlayer\AndroidManifest.xml
	android:minSdkVersion
		ADDED from Android Player - studio\AndroidCloudMusicPlayer\AndroidManifest.xml:8:9-35
		INJECTED from Android Player - studio\AndroidCloudMusicPlayer\AndroidManifest.xml
		INJECTED from Android Player - studio\AndroidCloudMusicPlayer\AndroidManifest.xml
uses-permission#android.permission.INTERNET
ADDED from Android Player - studio\AndroidCloudMusicPlayer\AndroidManifest.xml:11:5-67
MERGED from [com.google.android.gms:play-services-ads:8.4.0] AndroidManifest.xml:20:5-66
MERGED from [com.google.android.gms:play-services-ads:8.4.0] AndroidManifest.xml:20:5-66
	android:name
		ADDED from Android Player - studio\AndroidCloudMusicPlayer\AndroidManifest.xml:11:22-64
uses-permission#android.permission.ACCESS_NETWORK_STATE
ADDED from Android Player - studio\AndroidCloudMusicPlayer\AndroidManifest.xml:12:5-79
MERGED from [com.google.android.gms:play-services-ads:8.4.0] AndroidManifest.xml:21:5-78
MERGED from [com.google.android.gms:play-services-ads:8.4.0] AndroidManifest.xml:21:5-78
	android:name
		ADDED from Android Player - studio\AndroidCloudMusicPlayer\AndroidManifest.xml:12:22-76
uses-permission#android.permission.WRITE_EXTERNAL_STORAGE
ADDED from Android Player - studio\AndroidCloudMusicPlayer\AndroidManifest.xml:13:5-81
	android:name
		ADDED from Android Player - studio\AndroidCloudMusicPlayer\AndroidManifest.xml:13:22-78
uses-permission#android.permission.WAKE_LOCK
ADDED from Android Player - studio\AndroidCloudMusicPlayer\AndroidManifest.xml:14:5-68
	android:name
		ADDED from Android Player - studio\AndroidCloudMusicPlayer\AndroidManifest.xml:14:22-65
uses-permission#com.google.android.providers.gsf.permission.READ_GSERVICES
ADDED from Android Player - studio\AndroidCloudMusicPlayer\AndroidManifest.xml:15:5-98
	android:name
		ADDED from Android Player - studio\AndroidCloudMusicPlayer\AndroidManifest.xml:15:22-95
uses-permission#android.permission.GET_ACCOUNTS
ADDED from Android Player - studio\AndroidCloudMusicPlayer\AndroidManifest.xml:16:5-71
	android:name
		ADDED from Android Player - studio\AndroidCloudMusicPlayer\AndroidManifest.xml:16:22-68
uses-permission#android.permission.RECORD_AUDIO
ADDED from Android Player - studio\AndroidCloudMusicPlayer\AndroidManifest.xml:17:5-71
	android:name
		ADDED from Android Player - studio\AndroidCloudMusicPlayer\AndroidManifest.xml:17:22-68
uses-permission#android.permission.WRITE_SETTINGS
ADDED from Android Player - studio\AndroidCloudMusicPlayer\AndroidManifest.xml:18:5-73
	android:name
		ADDED from Android Player - studio\AndroidCloudMusicPlayer\AndroidManifest.xml:18:22-70
application
ADDED from Android Player - studio\AndroidCloudMusicPlayer\AndroidManifest.xml:20:5-62:19
MERGED from [Android Player - studio:DBPullToRefresh:unspecified] AndroidManifest.xml:9:5-20
MERGED from [com.android.support:appcompat-v7:23.1.1] AndroidManifest.xml:22:5-20
MERGED from [com.android.support:support-v4:23.1.1] AndroidManifest.xml:22:5-20
MERGED from [com.android.support:support-v4:23.1.1] AndroidManifest.xml:22:5-20
MERGED from [com.android.support:cardview-v7:23.1.1] AndroidManifest.xml:22:5-20
MERGED from [com.android.support:palette-v7:23.1.1] AndroidManifest.xml:22:5-23:19
MERGED from [com.android.support:support-v4:23.1.1] AndroidManifest.xml:22:5-20
MERGED from [com.android.support:design:23.1.1] AndroidManifest.xml:22:5-20
MERGED from [com.android.support:appcompat-v7:23.1.1] AndroidManifest.xml:22:5-20
MERGED from [com.android.support:support-v4:23.1.1] AndroidManifest.xml:22:5-20
MERGED from [com.android.support:support-v4:23.1.1] AndroidManifest.xml:22:5-20
MERGED from [com.android.support:support-v4:23.1.1] AndroidManifest.xml:22:5-20
MERGED from [com.android.support:percent:23.1.0] AndroidManifest.xml:22:5-20
MERGED from [com.android.support:support-v4:23.1.1] AndroidManifest.xml:22:5-20
MERGED from [com.google.android.gms:play-services-ads:8.4.0] AndroidManifest.xml:24:5-32:19
MERGED from [com.google.android.gms:play-services-basement:8.4.0] AndroidManifest.xml:20:5-24:19
MERGED from [com.android.support:support-v4:23.1.1] AndroidManifest.xml:22:5-20
MERGED from [com.google.android.gms:play-services-ads:8.4.0] AndroidManifest.xml:24:5-32:19
MERGED from [com.google.android.gms:play-services-basement:8.4.0] AndroidManifest.xml:20:5-24:19
MERGED from [com.android.support:support-v4:23.1.1] AndroidManifest.xml:22:5-20
	android:label
		ADDED from Android Player - studio\AndroidCloudMusicPlayer\AndroidManifest.xml:23:9-41
	android:allowBackup
		ADDED from Android Player - studio\AndroidCloudMusicPlayer\AndroidManifest.xml:21:9-35
	android:icon
		ADDED from Android Player - studio\AndroidCloudMusicPlayer\AndroidManifest.xml:22:9-45
	android:theme
		ADDED from Android Player - studio\AndroidCloudMusicPlayer\AndroidManifest.xml:24:9-45
activity#com.ypyproductions.cloudplayer.SplashActivity
ADDED from Android Player - studio\AndroidCloudMusicPlayer\AndroidManifest.xml:25:9-34:20
	android:screenOrientation
		ADDED from Android Player - studio\AndroidCloudMusicPlayer\AndroidManifest.xml:28:13-49
	android:configChanges
		ADDED from Android Player - studio\AndroidCloudMusicPlayer\AndroidManifest.xml:27:13-145
	android:name
		ADDED from Android Player - studio\AndroidCloudMusicPlayer\AndroidManifest.xml:26:13-73
intent-filter#android.intent.action.MAIN+android.intent.category.LAUNCHER
ADDED from Android Player - studio\AndroidCloudMusicPlayer\AndroidManifest.xml:29:13-33:29
action#android.intent.action.MAIN
ADDED from Android Player - studio\AndroidCloudMusicPlayer\AndroidManifest.xml:30:17-69
	android:name
		ADDED from Android Player - studio\AndroidCloudMusicPlayer\AndroidManifest.xml:30:25-66
category#android.intent.category.LAUNCHER
ADDED from Android Player - studio\AndroidCloudMusicPlayer\AndroidManifest.xml:32:17-77
	android:name
		ADDED from Android Player - studio\AndroidCloudMusicPlayer\AndroidManifest.xml:32:27-74
activity#com.ypyproductions.cloudplayer.MainActivity
ADDED from Android Player - studio\AndroidCloudMusicPlayer\AndroidManifest.xml:35:9-48:20
	android:screenOrientation
		ADDED from Android Player - studio\AndroidCloudMusicPlayer\AndroidManifest.xml:40:13-49
	android:label
		ADDED from Android Player - studio\AndroidCloudMusicPlayer\AndroidManifest.xml:38:13-45
	android:configChanges
		ADDED from Android Player - studio\AndroidCloudMusicPlayer\AndroidManifest.xml:37:13-145
	android:name
		ADDED from Android Player - studio\AndroidCloudMusicPlayer\AndroidManifest.xml:36:13-71
	android:launchMode
		ADDED from Android Player - studio\AndroidCloudMusicPlayer\AndroidManifest.xml:39:13-43
intent-filter#android.intent.action.SEARCH
ADDED from Android Player - studio\AndroidCloudMusicPlayer\AndroidManifest.xml:41:13-43:29
action#android.intent.action.SEARCH
ADDED from Android Player - studio\AndroidCloudMusicPlayer\AndroidManifest.xml:42:17-71
	android:name
		ADDED from Android Player - studio\AndroidCloudMusicPlayer\AndroidManifest.xml:42:25-68
meta-data#android.app.searchable
ADDED from Android Player - studio\AndroidCloudMusicPlayer\AndroidManifest.xml:45:13-47:54
	android:resource
		ADDED from Android Player - studio\AndroidCloudMusicPlayer\AndroidManifest.xml:47:17-51
	android:name
		ADDED from Android Player - studio\AndroidCloudMusicPlayer\AndroidManifest.xml:46:17-54
activity#com.ypyproductions.cloudplayer.ShowUrlActivity
ADDED from Android Player - studio\AndroidCloudMusicPlayer\AndroidManifest.xml:49:9-54:20
	android:screenOrientation
		ADDED from Android Player - studio\AndroidCloudMusicPlayer\AndroidManifest.xml:53:13-49
	android:label
		ADDED from Android Player - studio\AndroidCloudMusicPlayer\AndroidManifest.xml:52:13-45
	android:configChanges
		ADDED from Android Player - studio\AndroidCloudMusicPlayer\AndroidManifest.xml:51:13-145
	android:name
		ADDED from Android Player - studio\AndroidCloudMusicPlayer\AndroidManifest.xml:50:13-74
activity#com.google.android.gms.ads.AdActivity
ADDED from Android Player - studio\AndroidCloudMusicPlayer\AndroidManifest.xml:55:9-57:125
MERGED from [com.google.android.gms:play-services-ads:8.4.0] AndroidManifest.xml:26:9-29:64
MERGED from [com.google.android.gms:play-services-ads:8.4.0] AndroidManifest.xml:26:9-29:64
	android:configChanges
		ADDED from Android Player - studio\AndroidCloudMusicPlayer\AndroidManifest.xml:57:13-122
	android:theme
		ADDED from [com.google.android.gms:play-services-ads:8.4.0] AndroidManifest.xml:29:13-61
	android:name
		ADDED from Android Player - studio\AndroidCloudMusicPlayer\AndroidManifest.xml:56:13-65
meta-data#com.google.android.gms.version
ADDED from Android Player - studio\AndroidCloudMusicPlayer\AndroidManifest.xml:59:9-61:69
MERGED from [com.google.android.gms:play-services-basement:8.4.0] AndroidManifest.xml:21:9-23:69
MERGED from [com.google.android.gms:play-services-basement:8.4.0] AndroidManifest.xml:21:9-23:69
	android:name
		ADDED from Android Player - studio\AndroidCloudMusicPlayer\AndroidManifest.xml:60:13-58
	android:value
		ADDED from Android Player - studio\AndroidCloudMusicPlayer\AndroidManifest.xml:61:13-66
activity#com.google.android.gms.ads.purchase.InAppPurchaseActivity
ADDED from [com.google.android.gms:play-services-ads:8.4.0] AndroidManifest.xml:30:9-31:52
MERGED from [com.google.android.gms:play-services-ads:8.4.0] AndroidManifest.xml:30:9-31:52
	android:theme
		ADDED from [com.google.android.gms:play-services-ads:8.4.0] AndroidManifest.xml:31:13-50
	android:name
		ADDED from [com.google.android.gms:play-services-ads:8.4.0] AndroidManifest.xml:30:19-91